Using pre-set license
Built from '2021.1/staging' branch; Version is '2021.1.9f1 (7a790e367ab3) revision 8026382'; Using compiler version '192528614'; Build Type 'Release'
OS: 'Windows 10 Enterprise; OS build 19042.985; Version 2009; 64bit' Language: 'de' Physical Memory: 8190 MB
BatchMode: 1, IsHumanControllingUs: 0, StartBugReporterOnCrash: 0, Is64bit: 1, IsPro: 0

 COMMAND LINE ARGUMENTS:
C:\Program Files\Unity\Hub\Editor\2021.1.9f1\Editor\Unity.exe
-adb2
-batchMode
-noUpm
-name
AssetImportWorker0
-projectPath
C:/Users/florian/Documents/GitHub/BeatPass
-logFile
Logs/AssetImportWorker0.log
-srvPort
56176
Successfully changed project path to: C:/Users/florian/Documents/GitHub/BeatPass
C:/Users/florian/Documents/GitHub/BeatPass
Using Asset Import Pipeline V2.
Refreshing native plugins compatible for Editor in 61.39 ms, found 2 plugins.
Preloading 0 native plugins for Editor in 0.00 ms.
Initialize engine version: 2021.1.9f1 (7a790e367ab3)
[Subsystems] Discovering subsystems at path C:/Program Files/Unity/Hub/Editor/2021.1.9f1/Editor/Data/Resources/UnitySubsystems
[Subsystems] Discovering subsystems at path C:/Users/florian/Documents/GitHub/BeatPass/Assets
GfxDevice: creating device client; threaded=0; jobified=0
Direct3D:
    Version:  Direct3D 11.0 [level 11.0]
    Renderer: VMware SVGA 3D (ID=0x405)
    Vendor:   VMWare
    VRAM:     128 MB
    Driver:   8.17.2.14
Initialize mono
Mono path[0] = 'C:/Program Files/Unity/Hub/Editor/2021.1.9f1/Editor/Data/Managed'
Mono path[1] = 'C:/Program Files/Unity/Hub/Editor/2021.1.9f1/Editor/Data/MonoBleedingEdge/lib/mono/unityjit'
Mono config path = 'C:/Program Files/Unity/Hub/Editor/2021.1.9f1/Editor/Data/MonoBleedingEdge/etc'
Using monoOptions --debugger-agent=transport=dt_socket,embedding=1,server=y,suspend=n,address=127.0.0.1:56600
Begin MonoManager ReloadAssembly
Registering precompiled unity dll's ...
Register platform support module: C:/Program Files/Unity/Hub/Editor/2021.1.9f1/Editor/Data/PlaybackEngines/WindowsStandaloneSupport/UnityEditor.WindowsStandalone.Extensions.dll
Registered in 0.002030 seconds.
Native extension for WindowsStandalone target not found
Refreshing native plugins compatible for Editor in 51.37 ms, found 2 plugins.
Preloading 0 native plugins for Editor in 0.00 ms.
Mono: successfully reloaded assembly
- Completed reload, in  1.558 seconds
Domain Reload Profiling:
	ReloadAssembly (1559ms)
		BeginReloadAssembly (65ms)
			ExecutionOrderSort (0ms)
			DisableScriptedObjects (0ms)
			BackupInstance (0ms)
			ReleaseScriptingObjects (0ms)
			CreateAndSetChildDomain (1ms)
		EndReloadAssembly (511ms)
			LoadAssemblies (63ms)
			RebuildTransferFunctionScriptingTraits (0ms)
			SetupTypeCache (201ms)
			ReleaseScriptCaches (0ms)
			RebuildScriptCaches (41ms)
			SetupLoadedEditorAssemblies (212ms)
				LogAssemblyErrors (0ms)
				InitializePlatformSupportModulesInManaged (8ms)
				SetLoadedEditorAssemblies (0ms)
				RefreshPlugins (51ms)
				BeforeProcessingInitializeOnLoad (1ms)
				ProcessInitializeOnLoadAttributes (114ms)
				ProcessInitializeOnLoadMethodAttributes (36ms)
				AfterProcessingInitializeOnLoad (0ms)
				EditorAssembliesLoaded (0ms)
			ExecutionOrderSort2 (0ms)
			AwakeInstancesAfterBackupRestoration (0ms)
Platform modules already initialized, skipping
Registering precompiled user dll's ...
Registered in 0.005851 seconds.
Begin MonoManager ReloadAssembly
Native extension for WindowsStandalone target not found
Refreshing native plugins compatible for Editor in 0.58 ms, found 2 plugins.
Preloading 0 native plugins for Editor in 0.00 ms.
Mono: successfully reloaded assembly
- Completed reload, in  1.535 seconds
Domain Reload Profiling:
	ReloadAssembly (1536ms)
		BeginReloadAssembly (171ms)
			ExecutionOrderSort (0ms)
			DisableScriptedObjects (5ms)
			BackupInstance (0ms)
			ReleaseScriptingObjects (0ms)
			CreateAndSetChildDomain (22ms)
		EndReloadAssembly (1290ms)
			LoadAssemblies (104ms)
			RebuildTransferFunctionScriptingTraits (0ms)
			SetupTypeCache (408ms)
			ReleaseScriptCaches (1ms)
			RebuildScriptCaches (142ms)
			SetupLoadedEditorAssemblies (453ms)
				LogAssemblyErrors (0ms)
				InitializePlatformSupportModulesInManaged (5ms)
				SetLoadedEditorAssemblies (0ms)
				RefreshPlugins (1ms)
				BeforeProcessingInitializeOnLoad (72ms)
				ProcessInitializeOnLoadAttributes (285ms)
				ProcessInitializeOnLoadMethodAttributes (84ms)
				AfterProcessingInitializeOnLoad (7ms)
				EditorAssembliesLoaded (0ms)
			ExecutionOrderSort2 (0ms)
			AwakeInstancesAfterBackupRestoration (7ms)
Platform modules already initialized, skipping
========================================================================
Worker process is ready to serve import requests
Launched and connected shader compiler UnityShaderCompiler.exe after 0.07 seconds
Refreshing native plugins compatible for Editor in 0.53 ms, found 2 plugins.
Preloading 0 native plugins for Editor in 0.00 ms.
Unloading 1990 Unused Serialized files (Serialized files now loaded: 0)
System memory in use before: 82.9 MB.
System memory in use after: 82.9 MB.

Unloading 58 unused Assets to reduce memory usage. Loaded Objects now: 2408.
Total: 8.143400 ms (FindLiveObjects: 0.155700 ms CreateObjectMapping: 0.073300 ms MarkObjects: 7.695500 ms  DeleteObjects: 0.216800 ms)

AssetImportParameters requested are different than current active one (requested -> active):
  custom:framework-win-MediaFoundation: 216162199b28c13a410421893ffa2e32 -> 
  custom:video-decoder-ogg-theora: a1e56fd34408186e4bbccfd4996cb3dc -> 
  custom:container-muxer-webm: aa71ff27fc2769a1b78a27578f13a17b -> 
  custom:container-demuxer-webm: 4f35f7cbe854078d1ac9338744f61a02 -> 
  custom:container-demuxer-ogg: 62fdf1f143b41e24485cea50d1cbac27 -> 
  custom:video-encoder-webm-vp8: eb34c28f22e8b96e1ab97ce403110664 -> 
  custom:video-decoder-webm-vp8: 9c59270c3fd7afecdb556c50c9e8de78 -> 
  custom:audio-decoder-ogg-vorbis: bf7c407c2cedff20999df2af8eb42d56 -> 
  custom:audio-encoder-webm-vorbis: bf7c407c2cedff20999df2af8eb42d56 -> 
========================================================================
Received Import Request.
  path: Assets/elements/gr 6 undergroundlayer.prefab
  artifactKey: Guid(4a9273eea5898ac4aa89ff0530fba4c8) Importer(815301076,1909f56bfc062723c751e8b465ee728b)
Start importing Assets/elements/gr 6 undergroundlayer.prefab using Guid(4a9273eea5898ac4aa89ff0530fba4c8) Importer(815301076,1909f56bfc062723c751e8b465ee728b)  -> (artifact id: 'b455632950866f3f002982b93295f680') in 0.155263 seconds 
========================================================================
Received Import Request.
  Time since last request: 0.000385 seconds.
  path: Assets/elements/gr 4 undergroundlayer.prefab
  artifactKey: Guid(c6c9fae4a56a9564ebd7a7bc4d2e07c5) Importer(815301076,1909f56bfc062723c751e8b465ee728b)
Start importing Assets/elements/gr 4 undergroundlayer.prefab using Guid(c6c9fae4a56a9564ebd7a7bc4d2e07c5) Importer(815301076,1909f56bfc062723c751e8b465ee728b)  -> (artifact id: '0abf4422b3605bfeab61728db81c95ed') in 0.038251 seconds 
========================================================================
Received Import Request.
  Time since last request: 0.000883 seconds.
  path: Assets/elements/coin.prefab
  artifactKey: Guid(dbff9f2ec6b4dca49b19af8591ee283c) Importer(815301076,1909f56bfc062723c751e8b465ee728b)
Start importing Assets/elements/coin.prefab using Guid(dbff9f2ec6b4dca49b19af8591ee283c) Importer(815301076,1909f56bfc062723c751e8b465ee728b)  -> (artifact id: 'ee014ea215d60fe326fcd7b483d04401') in 0.064700 seconds 
========================================================================
Received Import Request.
  Time since last request: 0.000248 seconds.
  path: Assets/elements/Checkpoint.prefab
  artifactKey: Guid(73b4a326fbbc3cd40ac83fc99c74598e) Importer(815301076,1909f56bfc062723c751e8b465ee728b)
Start importing Assets/elements/Checkpoint.prefab using Guid(73b4a326fbbc3cd40ac83fc99c74598e) Importer(815301076,1909f56bfc062723c751e8b465ee728b)  -> (artifact id: '1fc8beaaae881f59168971850d3c97f3') in 0.024049 seconds 
========================================================================
Received Import Request.
  Time since last request: 0.001090 seconds.
  path: Assets/elements/gr 3 undergroundlayer.prefab
  artifactKey: Guid(594d7eeb184427e4d90b5c77607db175) Importer(815301076,1909f56bfc062723c751e8b465ee728b)
Start importing Assets/elements/gr 3 undergroundlayer.prefab using Guid(594d7eeb184427e4d90b5c77607db175) Importer(815301076,1909f56bfc062723c751e8b465ee728b)  -> (artifact id: '61a5026b0690eb9facb73472193a9d12') in 0.040198 seconds 
========================================================================
Received Import Request.
  Time since last request: 0.000060 seconds.
  path: Assets/elements/gr 1 undergroundlayer.prefab
  artifactKey: Guid(f5f1d9817141ec244affc35c4950d559) Importer(815301076,1909f56bfc062723c751e8b465ee728b)
Start importing Assets/elements/gr 1 undergroundlayer.prefab using Guid(f5f1d9817141ec244affc35c4950d559) Importer(815301076,1909f56bfc062723c751e8b465ee728b)  -> (artifact id: 'f4b0b783621b15a3c03d219255902486') in 0.032190 seconds 
========================================================================
Received Import Request.
  Time since last request: 0.000372 seconds.
  path: Assets/elements/crate.prefab
  artifactKey: Guid(1b90fa7fc8f397a4b90675885c41f476) Importer(815301076,1909f56bfc062723c751e8b465ee728b)
Start importing Assets/elements/crate.prefab using Guid(1b90fa7fc8f397a4b90675885c41f476) Importer(815301076,1909f56bfc062723c751e8b465ee728b)  -> (artifact id: '3ed24634cc9b4939019d27c51d51bc87') in 0.032908 seconds 
========================================================================
Received Import Request.
  Time since last request: 0.000313 seconds.
  path: Assets/elements/gr 2 undergroundlayer.prefab
  artifactKey: Guid(a932d4156907ace43af2b4dbb95c451f) Importer(815301076,1909f56bfc062723c751e8b465ee728b)
Start importing Assets/elements/gr 2 undergroundlayer.prefab using Guid(a932d4156907ace43af2b4dbb95c451f) Importer(815301076,1909f56bfc062723c751e8b465ee728b)  -> (artifact id: 'bf852960eb837ab31ca16fb2f194921d') in 0.033778 seconds 
========================================================================
Received Import Request.
  Time since last request: 0.000399 seconds.
  path: Assets/elements/gr 5 undergroundlayer.prefab
  artifactKey: Guid(4758227e53179db40b359500ca11f990) Importer(815301076,1909f56bfc062723c751e8b465ee728b)
Start importing Assets/elements/gr 5 undergroundlayer.prefab using Guid(4758227e53179db40b359500ca11f990) Importer(815301076,1909f56bfc062723c751e8b465ee728b)  -> (artifact id: '338e36e229035b94be6936da0a374d7e') in 0.028300 seconds 
========================================================================
Received Import Request.
  Time since last request: 0.000446 seconds.
  path: Assets/elements/Backround.prefab
  artifactKey: Guid(56ab7fea1f7cc8d4e82ec326cd5ceb56) Importer(815301076,1909f56bfc062723c751e8b465ee728b)
Start importing Assets/elements/Backround.prefab using Guid(56ab7fea1f7cc8d4e82ec326cd5ceb56) Importer(815301076,1909f56bfc062723c751e8b465ee728b)  -> (artifact id: 'ac05a902e7e667f02422788e2afe9900') in 0.027221 seconds 
========================================================================
Received Import Request.
  Time since last request: 6.968906 seconds.
  path: Assets/scene/scene01.unity
  artifactKey: Guid(76e7de8a1494f4f4e86ae3797d3cc949) Importer(815301076,1909f56bfc062723c751e8b465ee728b)
Start importing Assets/scene/scene01.unity using Guid(76e7de8a1494f4f4e86ae3797d3cc949) Importer(815301076,1909f56bfc062723c751e8b465ee728b)  -> (artifact id: '0c402b10e051a08d6f16eff5480b7f7f') in 0.008426 seconds 
========================================================================
Received Import Request.
  Time since last request: 2.679450 seconds.
  path: Assets/scene/scene00.unity
  artifactKey: Guid(8caccd745233eb44ab29a95961418975) Importer(815301076,1909f56bfc062723c751e8b465ee728b)
Start importing Assets/scene/scene00.unity using Guid(8caccd745233eb44ab29a95961418975) Importer(815301076,1909f56bfc062723c751e8b465ee728b)  -> (artifact id: '55aaf6b1c0d21f5b74774a36839d2f50') in 0.007816 seconds 
========================================================================
Received Prepare
Refreshing native plugins compatible for Editor in 13.96 ms, found 2 plugins.
Preloading 0 native plugins for Editor in 0.00 ms.
Unloading 47 Unused Serialized files (Serialized files now loaded: 0)
System memory in use before: 49.1 MB.
System memory in use after: 49.3 MB.

Unloading 47 unused Assets to reduce memory usage. Loaded Objects now: 2415.
Total: 8.927100 ms (FindLiveObjects: 0.189700 ms CreateObjectMapping: 0.090600 ms MarkObjects: 8.612200 ms  DeleteObjects: 0.032800 ms)

AssetImportParameters requested are different than current active one (requested -> active):
  custom:framework-win-MediaFoundation: 216162199b28c13a410421893ffa2e32 -> 
  custom:video-decoder-ogg-theora: a1e56fd34408186e4bbccfd4996cb3dc -> 
  custom:container-muxer-webm: aa71ff27fc2769a1b78a27578f13a17b -> 
  custom:container-demuxer-webm: 4f35f7cbe854078d1ac9338744f61a02 -> 
  custom:container-demuxer-ogg: 62fdf1f143b41e24485cea50d1cbac27 -> 
  custom:video-encoder-webm-vp8: eb34c28f22e8b96e1ab97ce403110664 -> 
  custom:video-decoder-webm-vp8: 9c59270c3fd7afecdb556c50c9e8de78 -> 
  custom:audio-decoder-ogg-vorbis: bf7c407c2cedff20999df2af8eb42d56 -> 
  custom:audio-encoder-webm-vorbis: bf7c407c2cedff20999df2af8eb42d56 -> 
========================================================================
Received Import Request.
  Time since last request: 35.033092 seconds.
  path: Assets/Script/player.cs
  artifactKey: Guid(5c292382499933c4082ee8d801663d06) Importer(815301076,1909f56bfc062723c751e8b465ee728b)
Start importing Assets/Script/player.cs using Guid(5c292382499933c4082ee8d801663d06) Importer(815301076,1909f56bfc062723c751e8b465ee728b)  -> (artifact id: '81bc8f0abc8a273919a51b7432ecb8ff') in 0.097770 seconds 
========================================================================
Received Prepare
Registering precompiled user dll's ...
Registered in 0.007496 seconds.
Begin MonoManager ReloadAssembly
Native extension for WindowsStandalone target not found
Refreshing native plugins compatible for Editor in 1.45 ms, found 2 plugins.
Preloading 0 native plugins for Editor in 0.00 ms.
Mono: successfully reloaded assembly
- Completed reload, in  1.620 seconds
Domain Reload Profiling:
	ReloadAssembly (1621ms)
		BeginReloadAssembly (140ms)
			ExecutionOrderSort (0ms)
			DisableScriptedObjects (6ms)
			BackupInstance (0ms)
			ReleaseScriptingObjects (0ms)
			CreateAndSetChildDomain (41ms)
		EndReloadAssembly (1408ms)
			LoadAssemblies (109ms)
			RebuildTransferFunctionScriptingTraits (0ms)
			SetupTypeCache (440ms)
			ReleaseScriptCaches (1ms)
			RebuildScriptCaches (61ms)
			SetupLoadedEditorAssemblies (609ms)
				LogAssemblyErrors (0ms)
				InitializePlatformSupportModulesInManaged (8ms)
				SetLoadedEditorAssemblies (1ms)
				RefreshPlugins (2ms)
				BeforeProcessingInitializeOnLoad (83ms)
				ProcessInitializeOnLoadAttributes (393ms)
				ProcessInitializeOnLoadMethodAttributes (115ms)
				AfterProcessingInitializeOnLoad (7ms)
				EditorAssembliesLoaded (0ms)
			ExecutionOrderSort2 (0ms)
			AwakeInstancesAfterBackupRestoration (10ms)
Platform modules already initialized, skipping
Refreshing native plugins compatible for Editor in 0.84 ms, found 2 plugins.
Preloading 0 native plugins for Editor in 0.00 ms.
Unloading 1984 Unused Serialized files (Serialized files now loaded: 0)
System memory in use before: 86.4 MB.
System memory in use after: 86.5 MB.

Unloading 49 unused Assets to reduce memory usage. Loaded Objects now: 2418.
Total: 10.996400 ms (FindLiveObjects: 0.499600 ms CreateObjectMapping: 0.153000 ms MarkObjects: 10.297400 ms  DeleteObjects: 0.044500 ms)

AssetImportParameters requested are different than current active one (requested -> active):
  custom:framework-win-MediaFoundation: 216162199b28c13a410421893ffa2e32 -> 
  custom:video-decoder-ogg-theora: a1e56fd34408186e4bbccfd4996cb3dc -> 
  custom:container-muxer-webm: aa71ff27fc2769a1b78a27578f13a17b -> 
  custom:container-demuxer-webm: 4f35f7cbe854078d1ac9338744f61a02 -> 
  custom:container-demuxer-ogg: 62fdf1f143b41e24485cea50d1cbac27 -> 
  custom:video-encoder-webm-vp8: eb34c28f22e8b96e1ab97ce403110664 -> 
  custom:video-decoder-webm-vp8: 9c59270c3fd7afecdb556c50c9e8de78 -> 
  custom:audio-decoder-ogg-vorbis: bf7c407c2cedff20999df2af8eb42d56 -> 
  custom:audio-encoder-webm-vorbis: bf7c407c2cedff20999df2af8eb42d56 -> 
========================================================================
Received Import Request.
  Time since last request: 120.830643 seconds.
  path: Assets/elements/source/tile.png
  artifactKey: Guid(8460ab6374e93a24186466be361d0325) Importer(815301076,1909f56bfc062723c751e8b465ee728b)
Start importing Assets/elements/source/tile.png using Guid(8460ab6374e93a24186466be361d0325) Importer(815301076,1909f56bfc062723c751e8b465ee728b)  -> (artifact id: 'b58f9c8525326516ab4bf5ad8bff8837') in 0.170326 seconds 
AssetImportWorkerClient::OnTransportError - code=2 error=End of file
