Using pre-set license
Built from '2021.1/staging' branch; Version is '2021.1.7f1 (d91830b65d9b) revision 14227504'; Using compiler version '192528614'; Build Type 'Release'
OS: 'Windows 10 Enterprise; OS build 19042.985; Version 2009; 64bit' Language: 'de' Physical Memory: 8190 MB
BatchMode: 1, IsHumanControllingUs: 0, StartBugReporterOnCrash: 0, Is64bit: 1, IsPro: 0

 COMMAND LINE ARGUMENTS:
C:\Program Files\Unity\Hub\Editor\2021.1.7f1\Editor\Unity.exe
-adb2
-batchMode
-noUpm
-name
AssetImportWorker0
-projectPath
C:/Users/florian/Documents/GitHub/BeatPass
-logFile
Logs/AssetImportWorker0.log
-srvPort
50908
Successfully changed project path to: C:/Users/florian/Documents/GitHub/BeatPass
C:/Users/florian/Documents/GitHub/BeatPass
Using Asset Import Pipeline V2.
Refreshing native plugins compatible for Editor in 61.41 ms, found 0 plugins.
Preloading 0 native plugins for Editor in 0.00 ms.
Initialize engine version: 2021.1.7f1 (d91830b65d9b)
[Subsystems] Discovering subsystems at path C:/Program Files/Unity/Hub/Editor/2021.1.7f1/Editor/Data/Resources/UnitySubsystems
[Subsystems] Discovering subsystems at path C:/Users/florian/Documents/GitHub/BeatPass/Assets
GfxDevice: creating device client; threaded=0; jobified=0
Direct3D:
    Version:  Direct3D 11.0 [level 11.0]
    Renderer: VMware SVGA 3D (ID=0x405)
    Vendor:   VMWare
    VRAM:     128 MB
    Driver:   8.17.2.14
Initialize mono
Mono path[0] = 'C:/Program Files/Unity/Hub/Editor/2021.1.7f1/Editor/Data/Managed'
Mono path[1] = 'C:/Program Files/Unity/Hub/Editor/2021.1.7f1/Editor/Data/MonoBleedingEdge/lib/mono/unityjit'
Mono config path = 'C:/Program Files/Unity/Hub/Editor/2021.1.7f1/Editor/Data/MonoBleedingEdge/etc'
Using monoOptions --debugger-agent=transport=dt_socket,embedding=1,server=y,suspend=n,address=127.0.0.1:56620
Begin MonoManager ReloadAssembly
Registering precompiled unity dll's ...
Register platform support module: C:/Program Files/Unity/Hub/Editor/2021.1.7f1/Editor/Data/PlaybackEngines/WindowsStandaloneSupport/UnityEditor.WindowsStandalone.Extensions.dll
Registered in 0.002028 seconds.
Native extension for WindowsStandalone target not found
Refreshing native plugins compatible for Editor in 43.44 ms, found 0 plugins.
Preloading 0 native plugins for Editor in 0.00 ms.
Mono: successfully reloaded assembly
- Completed reload, in  1.802 seconds
Platform modules already initialized, skipping
Registering precompiled user dll's ...
Registered in 0.003830 seconds.
Begin MonoManager ReloadAssembly
Native extension for WindowsStandalone target not found
Refreshing native plugins compatible for Editor in 0.52 ms, found 0 plugins.
Preloading 0 native plugins for Editor in 0.00 ms.
Mono: successfully reloaded assembly
- Completed reload, in  1.152 seconds
Platform modules already initialized, skipping
========================================================================
Worker process is ready to serve import requests
Launched and connected shader compiler UnityShaderCompiler.exe after 0.09 seconds
Refreshing native plugins compatible for Editor in 0.69 ms, found 0 plugins.
Preloading 0 native plugins for Editor in 0.00 ms.
Unloading 1717 Unused Serialized files (Serialized files now loaded: 0)
System memory in use before: 74.8 MB.
System memory in use after: 74.9 MB.

Unloading 50 unused Assets to reduce memory usage. Loaded Objects now: 2142.
Total: 8.935800 ms (FindLiveObjects: 0.152100 ms CreateObjectMapping: 0.065800 ms MarkObjects: 8.576900 ms  DeleteObjects: 0.139500 ms)

========================================================================
Received Import Request.
  path: Assets/LOGO FloSet fernseher transparent.png
  artifactKey: Guid(b6a7bf74661324745915d99faa6ee393) Importer(815301076,1909f56bfc062723c751e8b465ee728b)
Start importing Assets/LOGO FloSet fernseher transparent.png using Guid(b6a7bf74661324745915d99faa6ee393) Importer(815301076,1909f56bfc062723c751e8b465ee728b)  -> (artifact id: '38797c15fb6dec3412030225f45971d6') in 0.291865 seconds 
========================================================================
Received Import Request.
  Time since last request: 0.000594 seconds.
  path: Assets/Hintergrund Blau neu.png
  artifactKey: Guid(e8e0f4bcd7c38be45996686b7fcac173) Importer(815301076,1909f56bfc062723c751e8b465ee728b)
Start importing Assets/Hintergrund Blau neu.png using Guid(e8e0f4bcd7c38be45996686b7fcac173) Importer(815301076,1909f56bfc062723c751e8b465ee728b)  -> (artifact id: '8c0fbd15ab5cad89050b21fa39c85b66') in 0.064003 seconds 
AssetImportWorkerClient::OnTransportError - code=2 error=End of file
